<?xml version="1.0" encoding="UTF-8"?>
<!-- Generated by org.testng.reporters.JUnitReportReporter -->
<testsuite skipped="0" hostname="Riaz" name="Capstone.AutomationPractice5.TextOfVerification5" tests="4" failures="0" timestamp="2024-01-31T12:58:20 EST" time="38.579" errors="0">
  <testcase name="signin" time="10.895" classname="Capstone.AutomationPractice5.TextOfVerification5"/>
  <system-out/>
  <testcase name="signin" time="8.740" classname="Capstone.AutomationPractice5.TextOfVerification5"/>
  <system-out/>
  <testcase name="f" time="8.473" classname="Capstone.AutomationPractice5.TextOfVerification5"/>
  <system-out/>
  <testcase name="f" time="10.471" classname="Capstone.AutomationPractice5.TextOfVerification5"/>
  <system-out/>
</testsuite> <!-- Capstone.AutomationPractice5.TextOfVerification5 -->
