<?xml version="1.0" encoding="UTF-8"?>
<!-- Generated by org.testng.reporters.JUnitReportReporter -->
<testsuite skipped="0" hostname="Riaz" name="Capstone.AutomationPractice5.Points" tests="6" failures="0" timestamp="2024-02-04T12:29:34 EST" time="55.222" errors="0">
  <testcase name="f" time="8.956" classname="Capstone.AutomationPractice5.Points"/>
  <system-out/>
  <testcase name="f" time="9.106" classname="Capstone.AutomationPractice5.Points"/>
  <system-out/>
  <testcase name="f" time="9.454" classname="Capstone.AutomationPractice5.Points"/>
  <system-out/>
  <testcase name="f" time="9.086" classname="Capstone.AutomationPractice5.Points"/>
  <system-out/>
  <testcase name="f" time="8.881" classname="Capstone.AutomationPractice5.Points"/>
  <system-out/>
  <testcase name="f" time="9.739" classname="Capstone.AutomationPractice5.Points"/>
  <system-out/>
</testsuite> <!-- Capstone.AutomationPractice5.Points -->
