<?xml version="1.0" encoding="UTF-8"?>
<!-- Generated by org.testng.reporters.JUnitReportReporter -->
<testsuite skipped="0" hostname="Riaz" name="Capstone.AutomationPractice5.Property" tests="2" failures="0" timestamp="2024-02-04T15:15:34 EST" time="20.064" errors="0">
  <testcase name="f" time="10.760" classname="Capstone.AutomationPractice5.Property"/>
  <system-out/>
  <testcase name="f" time="9.304" classname="Capstone.AutomationPractice5.Property"/>
  <system-out/>
</testsuite> <!-- Capstone.AutomationPractice5.Property -->
