<?xml version="1.0" encoding="UTF-8"?>
<!-- Generated by org.testng.reporters.JUnitReportReporter -->
<testsuite skipped="0" hostname="Riaz" name="Capstone.AutomationPractice5.TestNGOfAnnotation5" tests="2" failures="0" timestamp="2024-01-25T12:21:06 EST" time="0.005" errors="0">
  <testcase name="f2" time="0.002" classname="Capstone.AutomationPractice5.TestNGOfAnnotation5"/>
  <system-out/>
  <testcase name="f" time="0.003" classname="Capstone.AutomationPractice5.TestNGOfAnnotation5"/>
  <system-out/>
</testsuite> <!-- Capstone.AutomationPractice5.TestNGOfAnnotation5 -->
